Arguments: 
  /usr/bin/node /usr/local/bin/yarn add @luma.gl

PATH: 
  /usr/local/sbin:/usr/local/bin:/usr/sbin:/usr/bin:/sbin:/bin:/usr/games:/usr/local/games:/snap/bin:/snap/bin:/home/lorenzo/bin:/home/lorenzo/bin

Yarn version: 
  1.22.19

Node version: 
  18.7.0

Platform: 
  linux x64

Trace: 
  Error: https://registry.yarnpkg.com/@luma.gl: Request "https://registry.yarnpkg.com/@luma.gl" returned a 405
      at params.callback [as _callback] (/usr/local/lib/node_modules/yarn/lib/cli.js:66154:18)
      at self.callback (/usr/local/lib/node_modules/yarn/lib/cli.js:140890:22)
      at Request.emit (node:events:513:28)
      at Request.<anonymous> (/usr/local/lib/node_modules/yarn/lib/cli.js:141862:10)
      at Request.emit (node:events:513:28)
      at IncomingMessage.<anonymous> (/usr/local/lib/node_modules/yarn/lib/cli.js:141784:12)
      at Object.onceWrapper (node:events:627:28)
      at IncomingMessage.emit (node:events:525:35)
      at endReadableNT (node:internal/streams/readable:1359:12)
      at process.processTicksAndRejections (node:internal/process/task_queues:82:21)

npm manifest: 
  {
  	"name": "snap4deck",
  	"version": "1.0.0",
  	"description": "Library extension of deck.gl library for the Snap4City framework",
  	"scripts": {
  		"test": "echo \"Error: no test specified\" && exit 1"
  	},
  	"author": "Lorenzo Adreani",
  	"license": "GPL",
  	"devDependencies": {
  		"webpack": "^5.74.0",
  		"webpack-cli": "^4.10.0"
  	},
  	"dependencies": {
  		"@deck.gl/core": "^8.8.17",
  		"@deck.gl/extensions": "^8.8.17",
  		"@deck.gl/geo-layers": "^8.8.17",
  		"@deck.gl/layers": "^8.8.17",
  		"@deck.gl/mesh-layers": "^8.8.17",
  		"@loaders.gl/obj": "^3.2.11",
  		"@math.gl/core": "^3.6.3",
  		"@math.gl/culling": "^3.6.3"
  	},
  	"exports": {
  		"./layers": "./layers/bundle.js"
  	}
  }

yarn manifest: 
  No manifest

Lockfile: 
  No lockfile
